<?xml version="1.0" encoding="UTF-8"?>
<!-- Generated by org.testng.reporters.JUnitXMLReporter -->
<testsuite hostname="IND-CHN-LT11340" ignored="0" name="Common runner - Windows Chrome Browser" tests="2" failures="1" timestamp="17 May 2023 13:53:10 GMT" time="201.745" errors="0">
  <testcase name="initOutputDir" time="0.029" classname="runners.CommonRunner"/>
  <testcase name="scenario" time="35.444" classname="com.automation.qa.isafe.cucumber.util.CustomAbstractTestNGCucumberTests">
    <failure type="java.lang.AssertionError" message="[-] FAIL :: Select your profession page is not present">
      <![CDATA[java.lang.AssertionError: [-] FAIL :: Select your profession page is not present
at com.automation.qa.isafe.keywords.GenericKeywords.testStepFailed(GenericKeywords.java:102)
at pages.Mobile.SelectYourProfession.verify_Select_our_profession(SelectYourProfession.java:47)
at steps.Mobile.Demo.user_is_moved_to_the_select_your_profession_page(Demo.java:23)
at âœ½.User is moved to the select your profession page(src/test/java/features/Mobile/E2Eflow.feature:8)
... Removed 1 stack frames]]>
    </failure>
  </testcase> <!-- scenario -->
</testsuite> <!-- Common runner - Windows Chrome Browser -->
