<html>
<head>
<title>TestNG:  Common runner - Windows Chrome Browser</title>
<link href="../testng.css" rel="stylesheet" type="text/css" />
<link href="../my-testng.css" rel="stylesheet" type="text/css" />

<style type="text/css">
.log { display: none;} 
.stack-trace { display: none;} 
</style>
<script type="text/javascript">
<!--
function flip(e) {
  current = e.style.display;
  if (current == 'block') {
    e.style.display = 'none';
    return 0;
  }
  else {
    e.style.display = 'block';
    return 1;
  }
}

function toggleBox(szDivId, elem, msg1, msg2)
{
  var res = -1;  if (document.getElementById) {
    res = flip(document.getElementById(szDivId));
  }
  else if (document.all) {
    // this is the way old msie versions work
    res = flip(document.all[szDivId]);
  }
  if(elem) {
    if(res == 0) elem.innerHTML = msg1; else elem.innerHTML = msg2;
  }

}

function toggleAllBoxes() {
  if (document.getElementsByTagName) {
    d = document.getElementsByTagName('div');
    for (i = 0; i < d.length; i++) {
      if (d[i].className == 'log') {
        flip(d[i]);
      }
    }
  }
}

// -->
</script>

</head>
<body>
<h2 align='center'>Common runner - Windows Chrome Browser</h2><table border='1' align="center">
<tr>
<td>Tests passed/Failed/Skipped:</td><td>1/1/0</td>
</tr><tr>
<td>Started on:</td><td>Wed Jul 19 22:55:49 IST 2023</td>
</tr>
<tr><td>Total time:</td><td>1064 seconds (1064184 ms)</td>
</tr><tr>
<td>Included groups:</td><td></td>
</tr><tr>
<td>Excluded groups:</td><td></td>
</tr>
</table><p/>
<small><i>(Hover the method name to see the test class name)</i></small><p/>
<table width='100%' border='1' class='invocation-failed'>
<tr><td colspan='4' align='center'><b>FAILED TESTS</b></td></tr>
<tr><td><b>Test method</b></td>
<td width="30%"><b>Exception</b></td>
<td width="10%"><b>Time (seconds)</b></td>
<td><b>Instance</b></td>
</tr>
<tr>
<td title='runners.CommonRunner.scenario()'><b>scenario</b><br>Test class: runners.CommonRunner<br>Test method: Runs Cucumber Scenarios<br>Parameters: "User able to navigate second Eligibility Screen", "User able to check selfEmpolyee Flow for Invalid Data"</td>
<td><div><pre>java.lang.AssertionError: [-] FAIL :: Exception in the method navigateTODownloadFileorg.openqa.selenium.NoSuchElementException: An element could not be located on the page using the given search parameters.
For documentation on this error, please visit: https://www.seleniumhq.org/exceptions/no_such_element.html
Build info: version: &apos;3.141.59&apos;, revision: &apos;e82be7d358&apos;, time: &apos;2018-11-14T08:17:03&apos;
System info: host: &apos;IND-CHN-LT10640&apos;, ip: &apos;192.168.1.38&apos;, os.name: &apos;Windows 10&apos;, os.arch: &apos;amd64&apos;, os.version: &apos;10.0&apos;, java.version: &apos;1.8.0_371&apos;
Driver info: io.appium.java_client.android.AndroidDriver
Capabilities {appActivity: com.bfl.isdcia.base.prelogi..., appPackage: com.bfl.isdcia.dev, databaseEnabled: false, desired: {appActivity: com.bfl.isdcia.base.prelogi..., appPackage: com.bfl.isdcia.dev, deviceName: Android Test, newCommandTimeout: 60000, noReset: true, platform: ANDROID, platformName: android, platformVersion : 13, udid: , version: 11}, deviceApiLevel: 31, deviceManufacturer: samsung, deviceModel: SM-M325F, deviceName: RZ8T80YEZTK, deviceScreenDensity: 450, deviceScreenSize: 1080x2400, deviceUDID: RZ8T80YEZTK, javascriptEnabled: true, locationContextEnabled: false, networkConnectionEnabled: true, newCommandTimeout: 60000, noReset: true, pixelRatio: 2.8125, platform: ANDROID, platformName: Android, platformVersion: 12, platformVersion : 13, statBarHeight: 78, takesScreenshot: true, udid: , version: 11, viewportRect: {height: 2109, left: 0, top: 78, width: 1080}, warnings: {}, webStorageEnabled: false}
Session ID: dcfc373e-10ca-412d-b4bc-9412f566a25c
*** Element info: {Using=xpath, value=//android.widget.ImageButton[@content-desc=&apos;Show roots&apos;]}
	at com.automation.qa.isafe.keywords.GenericKeywords.testStepFailed(GenericKeywords.java:102)
	at common.ApplicationKeywords.navigateTOImageFile(ApplicationKeywords.java:1082)
	at common.ApplicationKeywords.identityProofMoreThanThreeMB(ApplicationKeywords.java:1096)
	at pages.Mobile.PermanentAddress.validateErrorMessagePermanentScreen(PermanentAddress.java:163)
	at steps.Mobile.SelfEmpolyedFlow.user_able_to_Enter_All_Details_Invalid_Data_Permanent_Screen(SelfEmpolyedFlow.java:103)
	at ✽.User able to Enter All Details Invalid Data Permanent Screen &quot;Noah&quot; &quot;User&quot; &quot;One&quot; &quot;#Pune&quot; &quot;Middle East&quot; &quot;East Coast Road&quot; &quot;411014&quot; &quot;Pune&quot; &quot;maharashtra&quot; &quot;OVD-Driving Licence&quot; &quot;989387&quot; &quot;Trust Deed&quot; &quot;Single&quot; &quot;10 to 25 Lakhs&quot; &quot;Services&quot;(src/test/java/features/Mobile/SelfEmpolyedNegativeFlow.feature:17)
... Removed 1 stack frames</pre></div><a href='#' onClick='toggleBox("stack-trace852418691", this, "Click to show all stack frames", "Click to hide stack frames")'>Click to show all stack frames</a>
<div class='stack-trace' id='stack-trace852418691'><pre>java.lang.AssertionError: [-] FAIL :: Exception in the method navigateTODownloadFileorg.openqa.selenium.NoSuchElementException: An element could not be located on the page using the given search parameters.
For documentation on this error, please visit: https://www.seleniumhq.org/exceptions/no_such_element.html
Build info: version: &apos;3.141.59&apos;, revision: &apos;e82be7d358&apos;, time: &apos;2018-11-14T08:17:03&apos;
System info: host: &apos;IND-CHN-LT10640&apos;, ip: &apos;192.168.1.38&apos;, os.name: &apos;Windows 10&apos;, os.arch: &apos;amd64&apos;, os.version: &apos;10.0&apos;, java.version: &apos;1.8.0_371&apos;
Driver info: io.appium.java_client.android.AndroidDriver
Capabilities {appActivity: com.bfl.isdcia.base.prelogi..., appPackage: com.bfl.isdcia.dev, databaseEnabled: false, desired: {appActivity: com.bfl.isdcia.base.prelogi..., appPackage: com.bfl.isdcia.dev, deviceName: Android Test, newCommandTimeout: 60000, noReset: true, platform: ANDROID, platformName: android, platformVersion : 13, udid: , version: 11}, deviceApiLevel: 31, deviceManufacturer: samsung, deviceModel: SM-M325F, deviceName: RZ8T80YEZTK, deviceScreenDensity: 450, deviceScreenSize: 1080x2400, deviceUDID: RZ8T80YEZTK, javascriptEnabled: true, locationContextEnabled: false, networkConnectionEnabled: true, newCommandTimeout: 60000, noReset: true, pixelRatio: 2.8125, platform: ANDROID, platformName: Android, platformVersion: 12, platformVersion : 13, statBarHeight: 78, takesScreenshot: true, udid: , version: 11, viewportRect: {height: 2109, left: 0, top: 78, width: 1080}, warnings: {}, webStorageEnabled: false}
Session ID: dcfc373e-10ca-412d-b4bc-9412f566a25c
*** Element info: {Using=xpath, value=//android.widget.ImageButton[@content-desc=&apos;Show roots&apos;]}
	at org.testng.Assert.fail(Assert.java:96)
	at com.automation.qa.isafe.keywords.GenericKeywords.testStepFailed(GenericKeywords.java:102)
	at common.ApplicationKeywords.navigateTOImageFile(ApplicationKeywords.java:1082)
	at common.ApplicationKeywords.identityProofMoreThanThreeMB(ApplicationKeywords.java:1096)
	at pages.Mobile.PermanentAddress.validateErrorMessagePermanentScreen(PermanentAddress.java:163)
	at steps.Mobile.SelfEmpolyedFlow.user_able_to_Enter_All_Details_Invalid_Data_Permanent_Screen(SelfEmpolyedFlow.java:103)
	at ✽.User able to Enter All Details Invalid Data Permanent Screen &quot;Noah&quot; &quot;User&quot; &quot;One&quot; &quot;#Pune&quot; &quot;Middle East&quot; &quot;East Coast Road&quot; &quot;411014&quot; &quot;Pune&quot; &quot;maharashtra&quot; &quot;OVD-Driving Licence&quot; &quot;989387&quot; &quot;Trust Deed&quot; &quot;Single&quot; &quot;10 to 25 Lakhs&quot; &quot;Services&quot;(src/test/java/features/Mobile/SelfEmpolyedNegativeFlow.feature:17)
</pre></div></td>
<td>985</td>
<td>runners.CommonRunner@4961f6af</td></tr>
</table><p>
<table width='100%' border='1' class='invocation-passed'>
<tr><td colspan='4' align='center'><b>PASSED TESTS</b></td></tr>
<tr><td><b>Test method</b></td>
<td width="30%"><b>Exception</b></td>
<td width="10%"><b>Time (seconds)</b></td>
<td><b>Instance</b></td>
</tr>
<tr>
<td title='runners.CommonRunner.initOutputDir()'><b>initOutputDir</b><br>Test class: runners.CommonRunner</td>
<td></td>
<td>0</td>
<td>runners.CommonRunner@4961f6af</td></tr>
</table><p>
</body>
</html>