<?xml version="1.0" encoding="UTF-8"?>
<!-- Generated by org.testng.reporters.JUnitXMLReporter -->
<testsuite hostname="IND-CHN-LT10640" ignored="0" name="Common runner - Windows Chrome Browser" tests="2" failures="1" timestamp="19 Jul 2023 17:43:34 GMT" time="1064.184" errors="0">
  <testcase name="initOutputDir" time="0.127" classname="runners.CommonRunner"/>
  <testcase name="scenario" time="985.879" classname="com.automation.qa.isafe.cucumber.util.CustomAbstractTestNGCucumberTests">
    <failure type="java.lang.AssertionError" message="[-] FAIL :: Exception in the method navigateTODownloadFileorg.openqa.selenium.NoSuchElementException: An element could not be located on the page using the given search parameters.
For documentation on this error, please visit: https://www.seleniumhq.org/exceptions/no_such_element.html
Build info: version: &amp;apos;3.141.59&amp;apos;, revision: &amp;apos;e82be7d358&amp;apos;, time: &amp;apos;2018-11-14T08:17:03&amp;apos;
System info: host: &amp;apos;IND-CHN-LT10640&amp;apos;, ip: &amp;apos;192.168.1.38&amp;apos;, os.name: &amp;apos;Windows 10&amp;apos;, os.arch: &amp;apos;amd64&amp;apos;, os.version: &amp;apos;10.0&amp;apos;, java.version: &amp;apos;1.8.0_371&amp;apos;
Driver info: io.appium.java_client.android.AndroidDriver
Capabilities {appActivity: com.bfl.isdcia.base.prelogi..., appPackage: com.bfl.isdcia.dev, databaseEnabled: false, desired: {appActivity: com.bfl.isdcia.base.prelogi..., appPackage: com.bfl.isdcia.dev, deviceName: Android Test, newCommandTimeout: 60000, noReset: true, platform: ANDROID, platformName: android, platformVersion : 13, udid: , version: 11}, deviceApiLevel: 31, deviceManufacturer: samsung, deviceModel: SM-M325F, deviceName: RZ8T80YEZTK, deviceScreenDensity: 450, deviceScreenSize: 1080x2400, deviceUDID: RZ8T80YEZTK, javascriptEnabled: true, locationContextEnabled: false, networkConnectionEnabled: true, newCommandTimeout: 60000, noReset: true, pixelRatio: 2.8125, platform: ANDROID, platformName: Android, platformVersion: 12, platformVersion : 13, statBarHeight: 78, takesScreenshot: true, udid: , version: 11, viewportRect: {height: 2109, left: 0, top: 78, width: 1080}, warnings: {}, webStorageEnabled: false}
Session ID: dcfc373e-10ca-412d-b4bc-9412f566a25c
*** Element info: {Using=xpath, value=//android.widget.ImageButton[@content-desc=&amp;apos;Show roots&amp;apos;]}">
      <![CDATA[java.lang.AssertionError: [-] FAIL :: Exception in the method navigateTODownloadFileorg.openqa.selenium.NoSuchElementException: An element could not be located on the page using the given search parameters.
For documentation on this error, please visit: https://www.seleniumhq.org/exceptions/no_such_element.html
Build info: version: '3.141.59', revision: 'e82be7d358', time: '2018-11-14T08:17:03'
System info: host: 'IND-CHN-LT10640', ip: '192.168.1.38', os.name: 'Windows 10', os.arch: 'amd64', os.version: '10.0', java.version: '1.8.0_371'
Driver info: io.appium.java_client.android.AndroidDriver
Capabilities {appActivity: com.bfl.isdcia.base.prelogi..., appPackage: com.bfl.isdcia.dev, databaseEnabled: false, desired: {appActivity: com.bfl.isdcia.base.prelogi..., appPackage: com.bfl.isdcia.dev, deviceName: Android Test, newCommandTimeout: 60000, noReset: true, platform: ANDROID, platformName: android, platformVersion : 13, udid: , version: 11}, deviceApiLevel: 31, deviceManufacturer: samsung, deviceModel: SM-M325F, deviceName: RZ8T80YEZTK, deviceScreenDensity: 450, deviceScreenSize: 1080x2400, deviceUDID: RZ8T80YEZTK, javascriptEnabled: true, locationContextEnabled: false, networkConnectionEnabled: true, newCommandTimeout: 60000, noReset: true, pixelRatio: 2.8125, platform: ANDROID, platformName: Android, platformVersion: 12, platformVersion : 13, statBarHeight: 78, takesScreenshot: true, udid: , version: 11, viewportRect: {height: 2109, left: 0, top: 78, width: 1080}, warnings: {}, webStorageEnabled: false}
Session ID: dcfc373e-10ca-412d-b4bc-9412f566a25c
*** Element info: {Using=xpath, value=//android.widget.ImageButton[@content-desc='Show roots']}
at com.automation.qa.isafe.keywords.GenericKeywords.testStepFailed(GenericKeywords.java:102)
at common.ApplicationKeywords.navigateTOImageFile(ApplicationKeywords.java:1082)
at common.ApplicationKeywords.identityProofMoreThanThreeMB(ApplicationKeywords.java:1096)
at pages.Mobile.PermanentAddress.validateErrorMessagePermanentScreen(PermanentAddress.java:163)
at steps.Mobile.SelfEmpolyedFlow.user_able_to_Enter_All_Details_Invalid_Data_Permanent_Screen(SelfEmpolyedFlow.java:103)
at âœ½.User able to Enter All Details Invalid Data Permanent Screen "Noah" "User" "One" "#Pune" "Middle East" "East Coast Road" "411014" "Pune" "maharashtra" "OVD-Driving Licence" "989387" "Trust Deed" "Single" "10 to 25 Lakhs" "Services"(src/test/java/features/Mobile/SelfEmpolyedNegativeFlow.feature:17)
... Removed 1 stack frames]]>
    </failure>
  </testcase> <!-- scenario -->
</testsuite> <!-- Common runner - Windows Chrome Browser -->
